{"uuid":"25ed453b-85ed-43f8-8825-06edc62c9eba","historyId":"d2d962b2c620b638fb9fb2c44e08ab66","fullName":"com.saucedemo.testcases.ProblemUserTests.loginPU","labels":[{"name":"package","value":"com.saucedemo.testcases.ProblemUserTests"},{"name":"testClass","value":"com.saucedemo.testcases.ProblemUserTests"},{"name":"testMethod","value":"loginPU"},{"name":"parentSuite","value":"Suite"},{"name":"suite","value":"Test"},{"name":"subSuite","value":"com.saucedemo.testcases.ProblemUserTests"},{"name":"host","value":"Ravis-MacBook-Pro.local"},{"name":"thread","value":"4253@Ravis-MacBook-Pro.local.main(1)"},{"name":"framework","value":"testng"},{"name":"language","value":"java"}],"links":[],"name":"loginPU","status":"broken","statusDetails":{"known":false,"muted":false,"flaky":false,"message":"java.io.FileNotFoundException: /Users/ravishankar/Desktop/Learning/Testing/SeleniumJavaTestNG/testsolution\\src\\test\\java\\testData\\testData_pu.xlsx (No such file or directory)","trace":"java.lang.RuntimeException: java.io.FileNotFoundException: /Users/ravishankar/Desktop/Learning/Testing/SeleniumJavaTestNG/testsolution\\src\\test\\java\\testData\\testData_pu.xlsx (No such file or directory)\n\tat org.testng.internal.invokers.MethodInvocationHelper.invokeMethodNoCheckedException(MethodInvocationHelper.java:57)\n\tat org.testng.internal.invokers.MethodInvocationHelper.invokeDataProvider(MethodInvocationHelper.java:157)\n\tat org.testng.internal.Parameters.handleParameters(Parameters.java:803)\n\tat org.testng.internal.Parameters.handleParameters(Parameters.java:728)\n\tat org.testng.internal.invokers.ParameterHandler.handleParameters(ParameterHandler.java:72)\n\tat org.testng.internal.invokers.ParameterHandler.createParameters(ParameterHandler.java:51)\n\tat org.testng.internal.invokers.TestInvoker$MethodInvocationAgent.invoke(TestInvoker.java:924)\n\tat org.testng.internal.invokers.TestInvoker.invokeTestMethods(TestInvoker.java:194)\n\tat org.testng.internal.invokers.TestMethodWorker.invokeTestMethods(TestMethodWorker.java:148)\n\tat org.testng.internal.invokers.TestMethodWorker.run(TestMethodWorker.java:128)\n\tat java.base/java.util.ArrayList.forEach(ArrayList.java:1596)\n\tat org.testng.TestRunner.privateRun(TestRunner.java:829)\n\tat org.testng.TestRunner.run(TestRunner.java:602)\n\tat org.testng.SuiteRunner.runTest(SuiteRunner.java:437)\n\tat org.testng.SuiteRunner.runSequentially(SuiteRunner.java:431)\n\tat org.testng.SuiteRunner.privateRun(SuiteRunner.java:391)\n\tat org.testng.SuiteRunner.run(SuiteRunner.java:330)\n\tat org.testng.SuiteRunnerWorker.runSuite(SuiteRunnerWorker.java:52)\n\tat org.testng.SuiteRunnerWorker.run(SuiteRunnerWorker.java:95)\n\tat org.testng.TestNG.runSuitesSequentially(TestNG.java:1256)\n\tat org.testng.TestNG.runSuitesLocally(TestNG.java:1176)\n\tat org.testng.TestNG.runSuites(TestNG.java:1099)\n\tat org.testng.TestNG.run(TestNG.java:1067)\n\tat org.apache.maven.surefire.testng.TestNGExecutor.run(TestNGExecutor.java:308)\n\tat org.apache.maven.surefire.testng.TestNGXmlTestSuite.execute(TestNGXmlTestSuite.java:71)\n\tat org.apache.maven.surefire.testng.TestNGProvider.invoke(TestNGProvider.java:113)\n\tat org.apache.maven.surefire.booter.ForkedBooter.runSuitesInProcess(ForkedBooter.java:385)\n\tat org.apache.maven.surefire.booter.ForkedBooter.execute(ForkedBooter.java:162)\n\tat org.apache.maven.surefire.booter.ForkedBooter.run(ForkedBooter.java:507)\n\tat org.apache.maven.surefire.booter.ForkedBooter.main(ForkedBooter.java:495)\nCaused by: java.io.FileNotFoundException: /Users/ravishankar/Desktop/Learning/Testing/SeleniumJavaTestNG/testsolution\\src\\test\\java\\testData\\testData_pu.xlsx (No such file or directory)\n\tat java.base/java.io.FileInputStream.open0(Native Method)\n\tat java.base/java.io.FileInputStream.open(FileInputStream.java:213)\n\tat java.base/java.io.FileInputStream.<init>(FileInputStream.java:152)\n\tat com.saucedemo.utilities.ExcelUtility.ReadExcelData(ExcelUtility.java:52)\n\tat java.base/jdk.internal.reflect.DirectMethodHandleAccessor.invoke(DirectMethodHandleAccessor.java:103)\n\tat java.base/java.lang.reflect.Method.invoke(Method.java:580)\n\tat org.testng.internal.invokers.MethodInvocationHelper.invokeMethod(MethodInvocationHelper.java:139)\n\tat org.testng.internal.invokers.MethodInvocationHelper.invokeMethod(MethodInvocationHelper.java:84)\n\tat org.testng.internal.invokers.MethodInvocationHelper.invokeMethodNoCheckedException(MethodInvocationHelper.java:53)\n\t... 29 more\n"},"stage":"finished","steps":[],"attachments":[],"parameters":[],"start":1703854227865,"stop":1703854227866}